2014-01-19T14:53:41+00:00
Error message: Controller neco wasn't found in /home/wizard/web_development/MyMVC/app/controllers/neco_controller.php 
File: /home/wizard/web_development/MyMVC/libs/router.php 
Line: 100 
2014-01-19T14:54:25+00:00
Error message: Controller neco wasn't found in /home/wizard/web_development/MyMVC/app/controllers/neco_controller.php 
File: /home/wizard/web_development/MyMVC/libs/router.php 
Line: 100 
2014-01-19T14:55:28+00:00
Error message: Controller neco wasn't found in /home/wizard/web_development/MyMVC/app/controllers/neco_controller.php 
File: /home/wizard/web_development/MyMVC/libs/router.php 
Line: 100 
[2014-01-19T15:04:46+00:00]
Error message: Undefined variable: exception 
File: /home/wizard/web_development/MyMVC/libs/router.php 
Line: 92 
*[2014-01-19T15:06:07+00:00]
Error message: Undefined variable: exception 
File: /home/wizard/web_development/MyMVC/libs/router.php 
Line: 93 
*[2014-01-19T15:06:27+00:00]
Error message: Undefined variable: exception 
File: /home/wizard/web_development/MyMVC/libs/router.php 
Line: 93 
*[2014-01-19T15:08:36+00:00]
Error message: Undefined variable: exception 
File: /home/wizard/web_development/MyMVC/libs/router.php 
Line: 93 
*\r\n[2014-01-19T15:09:03+00:00]
Error message: Undefined variable: exception 
File: /home/wizard/web_development/MyMVC/libs/router.php 
Line: 93 
*
[2014-01-19T15:09:12+00:00]
Error message: Undefined variable: exception 
File: /home/wizard/web_development/MyMVC/libs/router.php 
Line: 93 
*
[2014-01-19T15:09:48+00:00]
Error message: Controller neco wasn't found in /home/wizard/web_development/MyMVC/app/controllers/neco_controller.php 
File: /home/wizard/web_development/MyMVC/libs/router.php 
Line: 110 
*
[2014-01-19T15:10:34+00:00]
Error message: Controller neco wasn't found in /home/wizard/web_development/MyMVC/app/controllers/neco_controller.php 
File: /home/wizard/web_development/MyMVC/libs/router.php 
Line: 110 
*
[2014-01-19T15:10:34+00:00]
Error message: Undefined variable: content 
File: /home/wizard/web_development/MyMVC/app/layouts/application.html.php 
Line: 7 
*
[2014-01-19T15:12:31+00:00]
Error message: Controller neco wasn't found in /home/wizard/web_development/MyMVC/app/controllers/neco_controller.php 
File: /home/wizard/web_development/MyMVC/libs/router.php 
Line: 111 
*
[2014-01-19T15:28:35+00:00]
Error message: Can't load model: Welcome_Model 
File: /home/wizard/web_development/MyMVC/libs/controller.php 
Line: 36 
*
[2014-01-19T15:31:22+00:00]
Error message: Can't load model: Welcome_Model 
File: /home/wizard/web_development/MyMVC/libs/controller.php 
Line: 36 
*
[2014-01-19T15:31:25+00:00]
Error message: Can't load model: Welcome_Model 
File: /home/wizard/web_development/MyMVC/libs/controller.php 
Line: 36 
*
[2014-01-19T17:57:16+00:00]
Error message: View index . html.php wasn't found in /home/wizard/web_development/MyMVC/app/views/index/index.html.php 
File: /home/wizard/web_development/MyMVC/libs/router.php 
Line: 145 
*
[2014-01-19T19:18:20+00:00]
Error message: include_once(session_manager.php): failed to open stream: No such file or directory 
File: /home/wizard/web_development/MyMVC/libs/core.php 
Line: 23 
*
[2014-01-19T19:19:54+00:00]
Error message: include_once(session_manager.php): failed to open stream: No such file or directory 
File: /home/wizard/web_development/MyMVC/libs/core.php 
Line: 23 
*
[2014-01-19T19:20:00+00:00]
Error message: include_once(session_manager.php): failed to open stream: No such file or directory 
File: /home/wizard/web_development/MyMVC/libs/core.php 
Line: 23 
*
[2014-01-19T19:21:31+00:00]
Error message: Use of undefined constant DB_HOST - assumed 'DB_HOST' 
File: /home/wizard/web_development/MyMVC/libs/dbmanager.php 
Line: 39 
*
[2014-01-19T19:31:28+00:00]
Error message: include_once(/home/wizard/web_development/MyMVC/app/forms/Employee/Employee.php): failed to open stream: No such file or directory 
File: /home/wizard/web_development/MyMVC/app/controllers/employee_controller.php 
Line: 11 
*
[2014-01-19T19:32:27+00:00]
Error message: Use of undefined constant _HEAD - assumed '_HEAD' 
File: /home/wizard/web_development/MyMVC/libs/htmlgen.php 
Line: 57 
*
[2014-01-19T19:52:04+00:00]
Error message: Use of undefined constant B_TITLE - assumed 'B_TITLE' 
File: /home/wizard/web_development/MyMVC/app/forms/employee/employee.php 
Line: 10 
*
[2014-01-19T19:52:54+00:00]
Error message: Use of undefined constant B_TITLE - assumed 'B_TITLE' 
File: /home/wizard/web_development/MyMVC/app/forms/employee/employee.php 
Line: 10 
*
[2014-01-19T20:18:14+00:00]
Error message: Undefined variable: formPath 
File: /home/wizard/web_development/MyMVC/app/views/employee/add.html.php 
Line: 2 
*
[2014-01-19T20:18:56+00:00]
Error message: Undefined variable: formPath 
File: /home/wizard/web_development/MyMVC/app/views/employee/add.html.php 
Line: 2 
*
[2014-01-19T20:25:12+00:00]
Error message: Use of undefined constant PREV_PREFIX - assumed 'PREV_PREFIX' 
File: /home/wizard/web_development/MyMVC/app/forms/employee/employee.php 
Line: 173 
*
[2014-01-19T20:27:00+00:00]
Error message: Undefined variable: _SESSION 
File: /home/wizard/web_development/MyMVC/app/forms/employee/employee.php 
Line: 259 
*
[2014-01-19T20:37:34+00:00]
Error message: Controller mymvc.com wasn't found in /home/wizard/web_development/MyMVC/app/controllers/mymvc.com_controller.php 
File: /home/wizard/web_development/MyMVC/libs/router.php 
Line: 111 
*
[2014-01-19T20:37:34+00:00]
Error message: Controller mymvc.com wasn't found in /home/wizard/web_development/MyMVC/app/controllers/mymvc.com_controller.php 
File: /home/wizard/web_development/MyMVC/libs/router.php 
Line: 111 
*
[2014-01-19T20:37:34+00:00]
Error message: Controller mymvc.com wasn't found in /home/wizard/web_development/MyMVC/app/controllers/mymvc.com_controller.php 
File: /home/wizard/web_development/MyMVC/libs/router.php 
Line: 111 
*
[2014-01-19T20:37:34+00:00]
Error message: Controller mymvc.com wasn't found in /home/wizard/web_development/MyMVC/app/controllers/mymvc.com_controller.php 
File: /home/wizard/web_development/MyMVC/libs/router.php 
Line: 111 
*
[2014-01-19T20:37:34+00:00]
Error message: Controller mymvc.com wasn't found in /home/wizard/web_development/MyMVC/app/controllers/mymvc.com_controller.php 
File: /home/wizard/web_development/MyMVC/libs/router.php 
Line: 111 
*
[2014-01-19T20:37:53+00:00]
Error message: Method http: wasn't found in class Employee_Controller 
File: /home/wizard/web_development/MyMVC/libs/router.php 
Line: 86 
*
[2014-01-19T20:38:06+00:00]
Error message: Method http: wasn't found in class Employee_Controller 
File: /home/wizard/web_development/MyMVC/libs/router.php 
Line: 86 
*
[2014-01-19T20:40:32+00:00]
Error message: Controller public wasn't found in /home/wizard/web_development/MyMVC/app/controllers/public_controller.php 
File: /home/wizard/web_development/MyMVC/libs/router.php 
Line: 111 
*
[2014-01-19T20:40:32+00:00]
Error message: Controller public wasn't found in /home/wizard/web_development/MyMVC/app/controllers/public_controller.php 
File: /home/wizard/web_development/MyMVC/libs/router.php 
Line: 111 
*
[2014-01-19T20:41:18+00:00]
Error message: Controller public wasn't found in /home/wizard/web_development/MyMVC/app/controllers/public_controller.php 
File: /home/wizard/web_development/MyMVC/libs/router.php 
Line: 111 
*
[2014-01-19T20:41:32+00:00]
Error message: Controller public wasn't found in /home/wizard/web_development/MyMVC/app/controllers/public_controller.php 
File: /home/wizard/web_development/MyMVC/libs/router.php 
Line: 111 
*
[2014-01-19T21:24:14+00:00]
Error message: Undefined variable: formPath 
File: /home/wizard/web_development/MyMVC/app/views/employee/add.html.php 
Line: 2 
*
[2014-01-19T21:24:14+00:00]
Error message: Controller public wasn't found in /home/wizard/web_development/MyMVC/app/controllers/public_controller.php 
File: /home/wizard/web_development/MyMVC/libs/router.php 
Line: 111 
*
[2014-01-19T21:25:13+00:00]
Error message: Undefined variable: formPath 
File: /home/wizard/web_development/MyMVC/app/views/employee/add.html.php 
Line: 2 
*
[2014-01-19T21:25:14+00:00]
Error message: Controller public wasn't found in /home/wizard/web_development/MyMVC/app/controllers/public_controller.php 
File: /home/wizard/web_development/MyMVC/libs/router.php 
Line: 111 
*
[2014-01-19T21:25:21+00:00]
Error message: Undefined variable: formPath 
File: /home/wizard/web_development/MyMVC/app/views/employee/add.html.php 
Line: 2 
*
[2014-01-19T21:25:21+00:00]
Error message: Controller public wasn't found in /home/wizard/web_development/MyMVC/app/controllers/public_controller.php 
File: /home/wizard/web_development/MyMVC/libs/router.php 
Line: 111 
*
[2014-01-19T21:25:51+00:00]
Error message: Undefined variable: formPath 
File: /home/wizard/web_development/MyMVC/app/views/employee/add.html.php 
Line: 2 
*
[2014-01-19T21:25:51+00:00]
Error message: Controller public wasn't found in /home/wizard/web_development/MyMVC/app/controllers/public_controller.php 
File: /home/wizard/web_development/MyMVC/libs/router.php 
Line: 111 
*
[2014-01-19T21:25:54+00:00]
Error message: Undefined variable: formPath 
File: /home/wizard/web_development/MyMVC/app/views/employee/add.html.php 
Line: 2 
*
[2014-01-19T21:25:55+00:00]
Error message: Controller public wasn't found in /home/wizard/web_development/MyMVC/app/controllers/public_controller.php 
File: /home/wizard/web_development/MyMVC/libs/router.php 
Line: 111 
*
[2014-01-19T21:28:31+00:00]
Error message: Undefined variable: formPath 
File: /home/wizard/web_development/MyMVC/app/views/employee/add.html.php 
Line: 2 
*
[2014-01-19T21:28:31+00:00]
Error message: Controller public wasn't found in /home/wizard/web_development/MyMVC/app/controllers/public_controller.php 
File: /home/wizard/web_development/MyMVC/libs/router.php 
Line: 111 
*
[2014-01-19T21:31:58+00:00]
Error message: Controller public wasn't found in /home/wizard/web_development/MyMVC/app/controllers/public_controller.php 
File: /home/wizard/web_development/MyMVC/libs/router.php 
Line: 111 
*
[2014-01-19T21:32:01+00:00]
Error message: Controller public wasn't found in /home/wizard/web_development/MyMVC/app/controllers/public_controller.php 
File: /home/wizard/web_development/MyMVC/libs/router.php 
Line: 111 
*
[2014-01-19T21:32:03+00:00]
Error message: Controller public wasn't found in /home/wizard/web_development/MyMVC/app/controllers/public_controller.php 
File: /home/wizard/web_development/MyMVC/libs/router.php 
Line: 111 
*
[2014-01-19T21:37:09+00:00]
Error message: Controller public wasn't found in /home/wizard/web_development/MyMVC/app/controllers/public_controller.php 
File: /home/wizard/web_development/MyMVC/libs/router.php 
Line: 111 
*
[2014-01-19T21:37:22+00:00]
Error message: Method employee wasn't found in class Employee_Controller 
File: /home/wizard/web_development/MyMVC/libs/router.php 
Line: 86 
*
[2014-01-19T21:40:35+00:00]
Error message: Controller public wasn't found in /home/wizard/web_development/MyMVC/app/controllers/public_controller.php 
File: /home/wizard/web_development/MyMVC/libs/router.php 
Line: 111 
*
[2014-01-19T21:41:17+00:00]
Error message: Controller public wasn't found in /home/wizard/web_development/MyMVC/app/controllers/public_controller.php 
File: /home/wizard/web_development/MyMVC/libs/router.php 
Line: 111 
*
[2014-01-19T21:41:28+00:00]
Error message: Undefined variable: filterRules 
File: /home/wizard/web_development/MyMVC/libs/input_validator.php 
Line: 138 
*
[2014-01-19T21:41:28+00:00]
Error message: Controller public wasn't found in /home/wizard/web_development/MyMVC/app/controllers/public_controller.php 
File: /home/wizard/web_development/MyMVC/libs/router.php 
Line: 111 
*
[2014-01-19T21:42:11+00:00]
Error message: Controller public wasn't found in /home/wizard/web_development/MyMVC/app/controllers/public_controller.php 
File: /home/wizard/web_development/MyMVC/libs/router.php 
Line: 111 
*
[2014-01-19T21:42:36+00:00]
Error message: Controller public wasn't found in /home/wizard/web_development/MyMVC/app/controllers/public_controller.php 
File: /home/wizard/web_development/MyMVC/libs/router.php 
Line: 111 
*
[2014-01-19T21:45:22+00:00]
Error message: Controller public wasn't found in /home/wizard/web_development/MyMVC/app/controllers/public_controller.php 
File: /home/wizard/web_development/MyMVC/libs/router.php 
Line: 111 
*
[2014-01-19T21:46:12+00:00]
Error message: Controller public wasn't found in /home/wizard/web_development/MyMVC/app/controllers/public_controller.php 
File: /home/wizard/web_development/MyMVC/libs/router.php 
Line: 111 
*
[2014-01-19T21:46:15+00:00]
Error message: Controller public wasn't found in /home/wizard/web_development/MyMVC/app/controllers/public_controller.php 
File: /home/wizard/web_development/MyMVC/libs/router.php 
Line: 111 
*
[2014-01-19T21:47:16+00:00]
Error message: Controller public wasn't found in /home/wizard/web_development/MyMVC/app/controllers/public_controller.php 
File: /home/wizard/web_development/MyMVC/libs/router.php 
Line: 111 
*
[2014-01-19T21:48:04+00:00]
Error message: Controller public wasn't found in /home/wizard/web_development/MyMVC/app/controllers/public_controller.php 
File: /home/wizard/web_development/MyMVC/libs/router.php 
Line: 111 
*
[2014-01-19T21:48:15+00:00]
Error message: Controller public wasn't found in /home/wizard/web_development/MyMVC/app/controllers/public_controller.php 
File: /home/wizard/web_development/MyMVC/libs/router.php 
Line: 111 
*
[2014-01-19T21:49:19+00:00]
Error message: Controller public wasn't found in /home/wizard/web_development/MyMVC/app/controllers/public_controller.php 
File: /home/wizard/web_development/MyMVC/libs/router.php 
Line: 111 
*
[2014-01-19T21:49:29+00:00]
Error message: Controller public wasn't found in /home/wizard/web_development/MyMVC/app/controllers/public_controller.php 
File: /home/wizard/web_development/MyMVC/libs/router.php 
Line: 111 
*
[2014-01-19T21:49:37+00:00]
Error message: Controller public wasn't found in /home/wizard/web_development/MyMVC/app/controllers/public_controller.php 
File: /home/wizard/web_development/MyMVC/libs/router.php 
Line: 111 
*
[2014-01-19T21:50:21+00:00]
Error message: Use of undefined constant OA_TABLE - assumed 'OA_TABLE' 
File: /home/wizard/web_development/MyMVC/app/controllers/employee_controller.php 
Line: 91 
*
[2014-01-19T21:50:21+00:00]
Error message: Controller public wasn't found in /home/wizard/web_development/MyMVC/app/controllers/public_controller.php 
File: /home/wizard/web_development/MyMVC/libs/router.php 
Line: 111 
*
[2014-01-19T21:51:18+00:00]
Error message: Controller public wasn't found in /home/wizard/web_development/MyMVC/app/controllers/public_controller.php 
File: /home/wizard/web_development/MyMVC/libs/router.php 
Line: 111 
*
[2014-01-19T22:00:25+00:00]
Error message: Controller public wasn't found in /home/wizard/web_development/MyMVC/app/controllers/public_controller.php 
File: /home/wizard/web_development/MyMVC/libs/router.php 
Line: 111 
*
[2014-01-19T22:00:52+00:00]
Error message: Controller public wasn't found in /home/wizard/web_development/MyMVC/app/controllers/public_controller.php 
File: /home/wizard/web_development/MyMVC/libs/router.php 
Line: 111 
*
[2014-01-19T22:02:23+00:00]
Error message: Controller public wasn't found in /home/wizard/web_development/MyMVC/app/controllers/public_controller.php 
File: /home/wizard/web_development/MyMVC/libs/router.php 
Line: 111 
*
[2014-01-19T22:03:58+00:00]
Error message: Controller public wasn't found in /home/wizard/web_development/MyMVC/app/controllers/public_controller.php 
File: /home/wizard/web_development/MyMVC/libs/router.php 
Line: 111 
*
[2014-01-20T11:49:05+01:00]
Error message: Controller intranet wasn't found in /Users/jacob/web_development/NFIS_1.0/app/controllers/intranet_controller.php 
File: /Users/jacob/web_development/NFIS_1.0/libs/router.php 
Line: 111 
*
[2014-01-20T11:49:10+01:00]
Error message: View index . html.php wasn't found in /Users/jacob/web_development/NFIS_1.0/app/views/index/index.html.php 
File: /Users/jacob/web_development/NFIS_1.0/libs/router.php 
Line: 145 
*
[2014-01-20T11:49:10+01:00]
Error message: Controller public wasn't found in /Users/jacob/web_development/NFIS_1.0/app/controllers/public_controller.php 
File: /Users/jacob/web_development/NFIS_1.0/libs/router.php 
Line: 111 
*
[2014-01-20T11:50:25+01:00]
Error message: View index . html.php wasn't found in /Users/jacob/web_development/NFIS_1.0/app/views/index/index.html.php 
File: /Users/jacob/web_development/NFIS_1.0/libs/router.php 
Line: 145 
*
[2014-01-20T11:50:25+01:00]
Error message: Controller public wasn't found in /Users/jacob/web_development/NFIS_1.0/app/controllers/public_controller.php 
File: /Users/jacob/web_development/NFIS_1.0/libs/router.php 
Line: 111 
*
[2014-01-20T11:50:27+01:00]
Error message: View index . html.php wasn't found in /Users/jacob/web_development/NFIS_1.0/app/views/index/index.html.php 
File: /Users/jacob/web_development/NFIS_1.0/libs/router.php 
Line: 145 
*
[2014-01-20T11:50:28+01:00]
Error message: Controller public wasn't found in /Users/jacob/web_development/NFIS_1.0/app/controllers/public_controller.php 
File: /Users/jacob/web_development/NFIS_1.0/libs/router.php 
Line: 111 
*
[2014-01-20T11:51:14+01:00]
Error message: View index . html.php wasn't found in /Users/jacob/web_development/NFIS_1.0/app/views/index/index.html.php 
File: /Users/jacob/web_development/NFIS_1.0/libs/router.php 
Line: 145 
*
[2014-01-20T11:51:14+01:00]
Error message: Controller public wasn't found in /Users/jacob/web_development/NFIS_1.0/app/controllers/public_controller.php 
File: /Users/jacob/web_development/NFIS_1.0/libs/router.php 
Line: 111 
*
[2014-01-20T11:51:34+01:00]
Error message: Controller public wasn't found in /Users/jacob/web_development/NFIS_1.0/app/controllers/public_controller.php 
File: /Users/jacob/web_development/NFIS_1.0/libs/router.php 
Line: 111 
*
[2014-01-20T11:52:11+01:00]
Error message: Controller public wasn't found in /Users/jacob/web_development/NFIS_1.0/app/controllers/public_controller.php 
File: /Users/jacob/web_development/NFIS_1.0/libs/router.php 
Line: 111 
*
[2014-01-20T12:22:44+01:00]
Error message: Undefined variable: _SESSION 
File: /Users/jacob/web_development/NFIS_1.0/app/forms/employee/employee.php 
Line: 259 
*
[2014-01-20T12:22:44+01:00]
Error message: Controller public wasn't found in /Users/jacob/web_development/NFIS_1.0/app/controllers/public_controller.php 
File: /Users/jacob/web_development/NFIS_1.0/libs/router.php 
Line: 120 
*
[2014-01-20T12:23:35+01:00]
Error message: A session had already been started - ignoring session_start() 
File: /Users/jacob/web_development/NFIS_1.0/index.php 
Line: 20 
*
[2014-01-20T12:23:36+01:00]
Error message: Controller public wasn't found in /Users/jacob/web_development/NFIS_1.0/app/controllers/public_controller.php 
File: /Users/jacob/web_development/NFIS_1.0/libs/router.php 
Line: 120 
*
[2014-01-20T12:23:47+01:00]
Error message: Undefined variable: _SESSION 
File: /Users/jacob/web_development/NFIS_1.0/app/forms/employee/employee.php 
Line: 259 
*
[2014-01-20T12:23:47+01:00]
Error message: Controller public wasn't found in /Users/jacob/web_development/NFIS_1.0/app/controllers/public_controller.php 
File: /Users/jacob/web_development/NFIS_1.0/libs/router.php 
Line: 120 
*
[2014-01-20T12:25:48+01:00]
Error message: Undefined variable: _SESSION 
File: /Users/jacob/web_development/NFIS_1.0/app/forms/employee/employee.php 
Line: 259 
*
[2014-01-20T12:25:48+01:00]
Error message: Controller public wasn't found in /Users/jacob/web_development/NFIS_1.0/app/controllers/public_controller.php 
File: /Users/jacob/web_development/NFIS_1.0/libs/router.php 
Line: 120 
*
[2014-01-20T12:27:16+01:00]
Error message: Undefined variable: _SESSION 
File: /Users/jacob/web_development/NFIS_1.0/app/forms/employee/employee.php 
Line: 17 
*
[2014-01-20T12:27:16+01:00]
Error message: Controller public wasn't found in /Users/jacob/web_development/NFIS_1.0/app/controllers/public_controller.php 
File: /Users/jacob/web_development/NFIS_1.0/libs/router.php 
Line: 120 
*
[2014-01-20T12:27:23+01:00]
Error message: Undefined variable: _SESSION 
File: /Users/jacob/web_development/NFIS_1.0/app/forms/employee/employee.php 
Line: 17 
*
[2014-01-20T12:27:23+01:00]
Error message: Controller public wasn't found in /Users/jacob/web_development/NFIS_1.0/app/controllers/public_controller.php 
File: /Users/jacob/web_development/NFIS_1.0/libs/router.php 
Line: 120 
*
[2014-01-20T12:28:11+01:00]
Error message: Controller public wasn't found in /Users/jacob/web_development/NFIS_1.0/app/controllers/public_controller.php 
File: /Users/jacob/web_development/NFIS_1.0/libs/router.php 
Line: 120 
*
[2014-01-20T12:31:00+01:00]
Error message: Controller public wasn't found in /Users/jacob/web_development/NFIS_1.0/app/controllers/public_controller.php 
File: /Users/jacob/web_development/NFIS_1.0/libs/router.php 
Line: 120 
*
[2014-01-20T12:31:06+01:00]
Error message: Controller public wasn't found in /Users/jacob/web_development/NFIS_1.0/app/controllers/public_controller.php 
File: /Users/jacob/web_development/NFIS_1.0/libs/router.php 
Line: 120 
*
[2014-01-20T12:31:12+01:00]
Error message: Controller public wasn't found in /Users/jacob/web_development/NFIS_1.0/app/controllers/public_controller.php 
File: /Users/jacob/web_development/NFIS_1.0/libs/router.php 
Line: 120 
*
[2014-01-20T12:31:14+01:00]
Error message: Controller public wasn't found in /Users/jacob/web_development/NFIS_1.0/app/controllers/public_controller.php 
File: /Users/jacob/web_development/NFIS_1.0/libs/router.php 
Line: 120 
*
[2014-01-20T12:32:55+01:00]
Error message: Controller public wasn't found in /Users/jacob/web_development/NFIS_1.0/app/controllers/public_controller.php 
File: /Users/jacob/web_development/NFIS_1.0/libs/router.php 
Line: 120 
*
[2014-01-20T12:32:59+01:00]
Error message: Controller public wasn't found in /Users/jacob/web_development/NFIS_1.0/app/controllers/public_controller.php 
File: /Users/jacob/web_development/NFIS_1.0/libs/router.php 
Line: 120 
*
[2014-01-20T12:33:01+01:00]
Error message: Controller public wasn't found in /Users/jacob/web_development/NFIS_1.0/app/controllers/public_controller.php 
File: /Users/jacob/web_development/NFIS_1.0/libs/router.php 
Line: 120 
*
[2014-01-20T12:33:02+01:00]
Error message: Controller public wasn't found in /Users/jacob/web_development/NFIS_1.0/app/controllers/public_controller.php 
File: /Users/jacob/web_development/NFIS_1.0/libs/router.php 
Line: 120 
*
[2014-01-20T12:33:17+01:00]
Error message: Controller public wasn't found in /Users/jacob/web_development/NFIS_1.0/app/controllers/public_controller.php 
File: /Users/jacob/web_development/NFIS_1.0/libs/router.php 
Line: 120 
*
[2014-01-20T12:33:19+01:00]
Error message: Controller public wasn't found in /Users/jacob/web_development/NFIS_1.0/app/controllers/public_controller.php 
File: /Users/jacob/web_development/NFIS_1.0/libs/router.php 
Line: 120 
*
[2014-01-20T12:34:00+01:00]
Error message: Controller public wasn't found in /Users/jacob/web_development/NFIS_1.0/app/controllers/public_controller.php 
File: /Users/jacob/web_development/NFIS_1.0/libs/router.php 
Line: 120 
*
[2014-01-20T12:35:09+01:00]
Error message: Controller public wasn't found in /Users/jacob/web_development/NFIS_1.0/app/controllers/public_controller.php 
File: /Users/jacob/web_development/NFIS_1.0/libs/router.php 
Line: 120 
*
[2014-01-20T12:35:43+01:00]
Error message: Controller public wasn't found in /Users/jacob/web_development/NFIS_1.0/app/controllers/public_controller.php 
File: /Users/jacob/web_development/NFIS_1.0/libs/router.php 
Line: 120 
*
[2014-01-20T12:37:15+01:00]
Error message: Undefined variable: _SESSION 
File: /Users/jacob/web_development/NFIS_1.0/app/forms/employee/employee.php 
Line: 17 
*
[2014-01-20T12:37:17+01:00]
Error message: Undefined variable: _SESSION 
File: /Users/jacob/web_development/NFIS_1.0/app/forms/employee/employee.php 
Line: 17 
*
[2014-01-20T12:37:17+01:00]
Error message: Controller public wasn't found in /Users/jacob/web_development/NFIS_1.0/app/controllers/public_controller.php 
File: /Users/jacob/web_development/NFIS_1.0/libs/router.php 
Line: 120 
*
[2014-01-20T12:37:39+01:00]
Error message: Controller public wasn't found in /Users/jacob/web_development/NFIS_1.0/app/controllers/public_controller.php 
File: /Users/jacob/web_development/NFIS_1.0/libs/router.php 
Line: 120 
*
[2014-01-20T12:37:42+01:00]
Error message: Controller public wasn't found in /Users/jacob/web_development/NFIS_1.0/app/controllers/public_controller.php 
File: /Users/jacob/web_development/NFIS_1.0/libs/router.php 
Line: 120 
*
[2014-01-20T12:37:44+01:00]
Error message: Controller public wasn't found in /Users/jacob/web_development/NFIS_1.0/app/controllers/public_controller.php 
File: /Users/jacob/web_development/NFIS_1.0/libs/router.php 
Line: 120 
*
[2014-01-20T12:38:51+01:00]
Error message: Controller public wasn't found in /Users/jacob/web_development/NFIS_1.0/app/controllers/public_controller.php 
File: /Users/jacob/web_development/NFIS_1.0/libs/router.php 
Line: 120 
*
[2014-01-20T12:38:53+01:00]
Error message: Controller public wasn't found in /Users/jacob/web_development/NFIS_1.0/app/controllers/public_controller.php 
File: /Users/jacob/web_development/NFIS_1.0/libs/router.php 
Line: 120 
*
[2014-01-20T12:38:54+01:00]
Error message: Controller public wasn't found in /Users/jacob/web_development/NFIS_1.0/app/controllers/public_controller.php 
File: /Users/jacob/web_development/NFIS_1.0/libs/router.php 
Line: 120 
*
[2014-01-20T12:38:55+01:00]
Error message: Controller public wasn't found in /Users/jacob/web_development/NFIS_1.0/app/controllers/public_controller.php 
File: /Users/jacob/web_development/NFIS_1.0/libs/router.php 
Line: 120 
*
[2014-01-20T12:38:56+01:00]
Error message: Controller public wasn't found in /Users/jacob/web_development/NFIS_1.0/app/controllers/public_controller.php 
File: /Users/jacob/web_development/NFIS_1.0/libs/router.php 
Line: 120 
*
[2014-01-20T12:43:13+01:00]
Error message: A session had already been started - ignoring session_start() 
File: /Users/jacob/web_development/NFIS_1.0/index.php 
Line: 20 
*
[2014-01-20T12:43:27+01:00]
Error message: A session had already been started - ignoring session_start() 
File: /Users/jacob/web_development/NFIS_1.0/index.php 
Line: 20 
*
[2014-01-20T12:43:27+01:00]
Error message: Controller public wasn't found in /Users/jacob/web_development/NFIS_1.0/app/controllers/public_controller.php 
File: /Users/jacob/web_development/NFIS_1.0/libs/router.php 
Line: 120 
*
[2014-01-20T12:44:07+01:00]
Error message: Controller public wasn't found in /Users/jacob/web_development/NFIS_1.0/app/controllers/public_controller.php 
File: /Users/jacob/web_development/NFIS_1.0/libs/router.php 
Line: 120 
*
[2014-01-20T12:45:05+01:00]
Error message: Controller public wasn't found in /Users/jacob/web_development/NFIS_1.0/app/controllers/public_controller.php 
File: /Users/jacob/web_development/NFIS_1.0/libs/router.php 
Line: 120 
*
[2014-01-20T12:45:08+01:00]
Error message: Controller public wasn't found in /Users/jacob/web_development/NFIS_1.0/app/controllers/public_controller.php 
File: /Users/jacob/web_development/NFIS_1.0/libs/router.php 
Line: 120 
*
[2014-01-20T12:45:29+01:00]
Error message: Controller public wasn't found in /Users/jacob/web_development/NFIS_1.0/app/controllers/public_controller.php 
File: /Users/jacob/web_development/NFIS_1.0/libs/router.php 
Line: 120 
*
[2014-01-20T12:45:38+01:00]
Error message: Controller public wasn't found in /Users/jacob/web_development/NFIS_1.0/app/controllers/public_controller.php 
File: /Users/jacob/web_development/NFIS_1.0/libs/router.php 
Line: 120 
*
[2014-01-20T12:45:45+01:00]
Error message: Controller public wasn't found in /Users/jacob/web_development/NFIS_1.0/app/controllers/public_controller.php 
File: /Users/jacob/web_development/NFIS_1.0/libs/router.php 
Line: 120 
*
[2014-01-20T12:47:43+01:00]
Error message: Controller public wasn't found in /Users/jacob/web_development/NFIS_1.0/app/controllers/public_controller.php 
File: /Users/jacob/web_development/NFIS_1.0/libs/router.php 
Line: 120 
*
[2014-01-20T12:47:52+01:00]
Error message: Controller public wasn't found in /Users/jacob/web_development/NFIS_1.0/app/controllers/public_controller.php 
File: /Users/jacob/web_development/NFIS_1.0/libs/router.php 
Line: 120 
*
[2014-01-20T12:50:59+01:00]
Error message: Controller public wasn't found in /Users/jacob/web_development/NFIS_1.0/app/controllers/public_controller.php 
File: /Users/jacob/web_development/NFIS_1.0/libs/router.php 
Line: 120 
*
[2014-01-20T12:51:07+01:00]
Error message: Controller public wasn't found in /Users/jacob/web_development/NFIS_1.0/app/controllers/public_controller.php 
File: /Users/jacob/web_development/NFIS_1.0/libs/router.php 
Line: 120 
*
[2014-01-20T12:51:38+01:00]
Error message: Controller public wasn't found in /Users/jacob/web_development/NFIS_1.0/app/controllers/public_controller.php 
File: /Users/jacob/web_development/NFIS_1.0/libs/router.php 
Line: 120 
*
[2014-01-20T12:51:45+01:00]
Error message: Controller public wasn't found in /Users/jacob/web_development/NFIS_1.0/app/controllers/public_controller.php 
File: /Users/jacob/web_development/NFIS_1.0/libs/router.php 
Line: 120 
*
[2014-01-20T12:52:13+01:00]
Error message: Controller public wasn't found in /Users/jacob/web_development/NFIS_1.0/app/controllers/public_controller.php 
File: /Users/jacob/web_development/NFIS_1.0/libs/router.php 
Line: 120 
*
[2014-01-20T12:53:43+01:00]
Error message: Controller public wasn't found in /Users/jacob/web_development/NFIS_1.0/app/controllers/public_controller.php 
File: /Users/jacob/web_development/NFIS_1.0/libs/router.php 
Line: 120 
*
[2014-01-20T12:54:49+01:00]
Error message: Controller public wasn't found in /Users/jacob/web_development/NFIS_1.0/app/controllers/public_controller.php 
File: /Users/jacob/web_development/NFIS_1.0/libs/router.php 
Line: 120 
*
[2014-01-20T13:03:14+01:00]
Error message: Controller public wasn't found in /Users/jacob/web_development/NFIS_1.0/app/controllers/public_controller.php 
File: /Users/jacob/web_development/NFIS_1.0/libs/router.php 
Line: 120 
*
[2014-01-20T13:47:38+01:00]
Error message: Controller public wasn't found in /Users/jacob/web_development/NFIS_1.0/app/controllers/public_controller.php 
File: /Users/jacob/web_development/NFIS_1.0/libs/router.php 
Line: 120 
*
[2014-01-20T14:25:44+01:00]
Error message: Invalid argument supplied for foreach() 
File: /Users/jacob/web_development/NFIS_1.0/libs/router.php 
Line: 148 
*
[2014-01-20T14:25:44+01:00]
Error message: Controller public wasn't found in /Users/jacob/web_development/NFIS_1.0/app/controllers/public_controller.php 
File: /Users/jacob/web_development/NFIS_1.0/libs/router.php 
Line: 120 
*
[2014-01-20T14:26:57+01:00]
Error message: Controller public wasn't found in /Users/jacob/web_development/NFIS_1.0/app/controllers/public_controller.php 
File: /Users/jacob/web_development/NFIS_1.0/libs/router.php 
Line: 120 
*
[2014-01-20T14:35:32+01:00]
Error message: Undefined property: Group_Model::$forms 
File: /Users/jacob/web_development/NFIS_1.0/app/models/model_abstract.php 
Line: 42 
*
[2014-01-20T14:35:32+01:00]
Error message: Controller public wasn't found in /Users/jacob/web_development/NFIS_1.0/app/controllers/public_controller.php 
File: /Users/jacob/web_development/NFIS_1.0/libs/router.php 
Line: 120 
*
[2014-01-20T14:36:10+01:00]
Error message: Illegal offset type 
File: /Users/jacob/web_development/NFIS_1.0/libs/controller.php 
Line: 25 
*
[2014-01-20T14:36:10+01:00]
Error message: Controller public wasn't found in /Users/jacob/web_development/NFIS_1.0/app/controllers/public_controller.php 
File: /Users/jacob/web_development/NFIS_1.0/libs/router.php 
Line: 120 
*
[2014-01-20T14:41:17+01:00]
Error message: Use of undefined constant formPath - assumed 'formPath' 
File: /Users/jacob/web_development/NFIS_1.0/app/views/group/add.html.php 
Line: 5 
*
[2014-01-20T14:41:17+01:00]
Error message: Controller public wasn't found in /Users/jacob/web_development/NFIS_1.0/app/controllers/public_controller.php 
File: /Users/jacob/web_development/NFIS_1.0/libs/router.php 
Line: 120 
*
[2014-01-20T14:41:46+01:00]
Error message: Controller public wasn't found in /Users/jacob/web_development/NFIS_1.0/app/controllers/public_controller.php 
File: /Users/jacob/web_development/NFIS_1.0/libs/router.php 
Line: 120 
*
[2014-01-20T14:44:45+01:00]
Error message: Use of undefined constant G_TITLE - assumed 'G_TITLE' 
File: /Users/jacob/web_development/NFIS_1.0/app/forms/group/group.php 
Line: 26 
*
[2014-01-20T14:44:45+01:00]
Error message: Controller public wasn't found in /Users/jacob/web_development/NFIS_1.0/app/controllers/public_controller.php 
File: /Users/jacob/web_development/NFIS_1.0/libs/router.php 
Line: 120 
*
[2014-01-20T14:51:47+01:00]
Error message: Controller public wasn't found in /Users/jacob/web_development/NFIS_1.0/app/controllers/public_controller.php 
File: /Users/jacob/web_development/NFIS_1.0/libs/router.php 
Line: 120 
*
[2014-01-20T14:53:02+01:00]
Error message: Controller public wasn't found in /Users/jacob/web_development/NFIS_1.0/app/controllers/public_controller.php 
File: /Users/jacob/web_development/NFIS_1.0/libs/router.php 
Line: 120 
*
[2014-01-20T14:53:19+01:00]
Error message: Controller public wasn't found in /Users/jacob/web_development/NFIS_1.0/app/controllers/public_controller.php 
File: /Users/jacob/web_development/NFIS_1.0/libs/router.php 
Line: 120 
*
[2014-01-20T14:58:45+01:00]
Error message: Controller public wasn't found in /Users/jacob/web_development/NFIS_1.0/app/controllers/public_controller.php 
File: /Users/jacob/web_development/NFIS_1.0/libs/router.php 
Line: 120 
*
[2014-01-20T15:40:56+01:00]
Error message: Controller public wasn't found in /Users/jacob/web_development/NFIS_1.0/app/controllers/public_controller.php 
File: /Users/jacob/web_development/NFIS_1.0/libs/router.php 
Line: 120 
*
[2014-01-20T15:46:28+01:00]
Error message: Controller public wasn't found in /Users/jacob/web_development/NFIS_1.0/app/controllers/public_controller.php 
File: /Users/jacob/web_development/NFIS_1.0/libs/router.php 
Line: 120 
*
[2014-01-20T16:51:09+01:00]
Error message: Undefined property: ActionLink::$create 
File: /Users/jacob/web_development/NFIS_1.0/libs/action_link.php 
Line: 31 
*
[2014-01-20T16:51:09+01:00]
Error message: Controller public wasn't found in /Users/jacob/web_development/NFIS_1.0/app/controllers/public_controller.php 
File: /Users/jacob/web_development/NFIS_1.0/libs/router.php 
Line: 120 
*
[2014-01-20T16:52:21+01:00]
Error message: Controller public wasn't found in /Users/jacob/web_development/NFIS_1.0/app/controllers/public_controller.php 
File: /Users/jacob/web_development/NFIS_1.0/libs/router.php 
Line: 120 
*
[2014-01-20T16:52:42+01:00]
Error message: Controller public wasn't found in /Users/jacob/web_development/NFIS_1.0/app/controllers/public_controller.php 
File: /Users/jacob/web_development/NFIS_1.0/libs/router.php 
Line: 120 
*
[2014-01-20T16:55:26+01:00]
Error message: Controller public wasn't found in /Users/jacob/web_development/NFIS_1.0/app/controllers/public_controller.php 
File: /Users/jacob/web_development/NFIS_1.0/libs/router.php 
Line: 120 
*
[2014-01-20T16:59:52+01:00]
Error message: Controller public wasn't found in /Users/jacob/web_development/NFIS_1.0/app/controllers/public_controller.php 
File: /Users/jacob/web_development/NFIS_1.0/libs/router.php 
Line: 120 
*
[2014-01-20T17:00:50+01:00]
Error message: Controller public wasn't found in /Users/jacob/web_development/NFIS_1.0/app/controllers/public_controller.php 
File: /Users/jacob/web_development/NFIS_1.0/libs/router.php 
Line: 120 
*
[2014-01-20T17:01:53+01:00]
Error message: Controller public wasn't found in /Users/jacob/web_development/NFIS_1.0/app/controllers/public_controller.php 
File: /Users/jacob/web_development/NFIS_1.0/libs/router.php 
Line: 120 
*
[2014-01-20T17:02:38+01:00]
Error message: Controller public wasn't found in /Users/jacob/web_development/NFIS_1.0/app/controllers/public_controller.php 
File: /Users/jacob/web_development/NFIS_1.0/libs/router.php 
Line: 120 
*
[2014-01-20T17:02:42+01:00]
Error message: Controller public wasn't found in /Users/jacob/web_development/NFIS_1.0/app/controllers/public_controller.php 
File: /Users/jacob/web_development/NFIS_1.0/libs/router.php 
Line: 120 
*
[2014-01-20T17:56:28+01:00]
Error message: Undefined index: id_grp 
File: /Users/jacob/web_development/NFIS_1.0/app/models/page.php 
Line: 97 
*
[2014-01-20T17:59:22+01:00]
Error message: Undefined index: grp_id 
File: /Users/jacob/web_development/NFIS_1.0/app/forms/group/group.php 
Line: 46 
*
[2014-01-20T17:59:22+01:00]
Error message: Controller public wasn't found in /Users/jacob/web_development/NFIS_1.0/app/controllers/public_controller.php 
File: /Users/jacob/web_development/NFIS_1.0/libs/router.php 
Line: 120 
*
[2014-01-20T18:12:39+01:00]
Error message: Undefined index: grp_id 
File: /Users/jacob/web_development/NFIS_1.0/app/forms/group/group.php 
Line: 48 
*
[2014-01-20T18:12:39+01:00]
Error message: Controller public wasn't found in /Users/jacob/web_development/NFIS_1.0/app/controllers/public_controller.php 
File: /Users/jacob/web_development/NFIS_1.0/libs/router.php 
Line: 120 
*
[2014-01-20T18:23:46+01:00]
Error message: Undefined index: grp_id 
File: Unknown 
Line: 18 
*
[2014-01-20T18:23:46+01:00]
Error message: Controller public wasn't found in /Users/jacob/web_development/NFIS_1.0/app/controllers/public_controller.php 
File: /Users/jacob/web_development/NFIS_1.0/libs/router.php 
Line: 120 
*
[2014-01-20T18:23:52+01:00]
Error message: Controller public wasn't found in /Users/jacob/web_development/NFIS_1.0/app/controllers/public_controller.php 
File: /Users/jacob/web_development/NFIS_1.0/libs/router.php 
Line: 120 
*
[2014-01-20T18:29:02+01:00]
Error message: Undefined variable: inputs 
File: /Users/jacob/web_development/NFIS_1.0/app/forms/group/group.php 
Line: 22 
*
[2014-01-20T18:29:02+01:00]
Error message: Controller public wasn't found in /Users/jacob/web_development/NFIS_1.0/app/controllers/public_controller.php 
File: /Users/jacob/web_development/NFIS_1.0/libs/router.php 
Line: 120 
*
[2014-01-20T18:31:59+01:00]
Error message: Undefined variable: inputs 
File: /Users/jacob/web_development/NFIS_1.0/app/forms/group/group.php 
Line: 22 
*
[2014-01-20T18:31:59+01:00]
Error message: Controller public wasn't found in /Users/jacob/web_development/NFIS_1.0/app/controllers/public_controller.php 
File: /Users/jacob/web_development/NFIS_1.0/libs/router.php 
Line: 120 
*
[2014-01-20T18:32:01+01:00]
Error message: Undefined variable: inputs 
File: /Users/jacob/web_development/NFIS_1.0/app/forms/group/group.php 
Line: 22 
*
[2014-01-20T18:32:01+01:00]
Error message: Controller public wasn't found in /Users/jacob/web_development/NFIS_1.0/app/controllers/public_controller.php 
File: /Users/jacob/web_development/NFIS_1.0/libs/router.php 
Line: 120 
*
[2014-01-20T18:32:29+01:00]
Error message: Undefined variable: inputs 
File: /Users/jacob/web_development/NFIS_1.0/app/forms/group/group.php 
Line: 22 
*
[2014-01-20T18:32:30+01:00]
Error message: Controller public wasn't found in /Users/jacob/web_development/NFIS_1.0/app/controllers/public_controller.php 
File: /Users/jacob/web_development/NFIS_1.0/libs/router.php 
Line: 120 
*
[2014-01-20T18:32:31+01:00]
Error message: Undefined variable: inputs 
File: /Users/jacob/web_development/NFIS_1.0/app/forms/group/group.php 
Line: 22 
*
[2014-01-20T18:32:31+01:00]
Error message: Controller public wasn't found in /Users/jacob/web_development/NFIS_1.0/app/controllers/public_controller.php 
File: /Users/jacob/web_development/NFIS_1.0/libs/router.php 
Line: 120 
*
[2014-01-20T18:33:46+01:00]
Error message: Undefined variable: arraySitemap 
File: /Users/jacob/web_development/NFIS_1.0/app/forms/group/group.php 
Line: 40 
*
[2014-01-20T18:33:46+01:00]
Error message: Controller public wasn't found in /Users/jacob/web_development/NFIS_1.0/app/controllers/public_controller.php 
File: /Users/jacob/web_development/NFIS_1.0/libs/router.php 
Line: 120 
*
[2014-01-20T18:34:45+01:00]
Error message: Undefined variable: arraySitemap 
File: /Users/jacob/web_development/NFIS_1.0/app/forms/group/group.php 
Line: 40 
*
[2014-01-20T18:34:45+01:00]
Error message: Controller public wasn't found in /Users/jacob/web_development/NFIS_1.0/app/controllers/public_controller.php 
File: /Users/jacob/web_development/NFIS_1.0/libs/router.php 
Line: 120 
*
[2014-01-20T18:36:26+01:00]
Error message: Undefined variable: arraySitemap 
File: /Users/jacob/web_development/NFIS_1.0/app/forms/group/group.php 
Line: 40 
*
[2014-01-20T18:36:26+01:00]
Error message: Controller public wasn't found in /Users/jacob/web_development/NFIS_1.0/app/controllers/public_controller.php 
File: /Users/jacob/web_development/NFIS_1.0/libs/router.php 
Line: 120 
*
[2014-01-20T18:46:41+01:00]
Error message: A session had already been started - ignoring session_start() 
File: /Users/jacob/web_development/NFIS_1.0/app/forms/group/group.php 
Line: 9 
*
[2014-01-20T18:46:41+01:00]
Error message: Controller public wasn't found in /Users/jacob/web_development/NFIS_1.0/app/controllers/public_controller.php 
File: /Users/jacob/web_development/NFIS_1.0/libs/router.php 
Line: 120 
*
[2014-01-20T18:46:59+01:00]
Error message: Undefined variable: group 
File: /Users/jacob/web_development/NFIS_1.0/app/forms/group/group.php 
Line: 23 
*
[2014-01-20T18:47:00+01:00]
Error message: Controller public wasn't found in /Users/jacob/web_development/NFIS_1.0/app/controllers/public_controller.php 
File: /Users/jacob/web_development/NFIS_1.0/libs/router.php 
Line: 120 
*
[2014-01-20T18:49:37+01:00]
Error message: Controller public wasn't found in /Users/jacob/web_development/NFIS_1.0/app/controllers/public_controller.php 
File: /Users/jacob/web_development/NFIS_1.0/libs/router.php 
Line: 120 
*
[2014-01-20T18:53:24+01:00]
Error message: Controller public wasn't found in /Users/jacob/web_development/NFIS_1.0/app/controllers/public_controller.php 
File: /Users/jacob/web_development/NFIS_1.0/libs/router.php 
Line: 120 
*
[2014-01-20T18:53:27+01:00]
Error message: Controller public wasn't found in /Users/jacob/web_development/NFIS_1.0/app/controllers/public_controller.php 
File: /Users/jacob/web_development/NFIS_1.0/libs/router.php 
Line: 120 
*
[2014-01-20T18:53:32+01:00]
Error message: Controller public wasn't found in /Users/jacob/web_development/NFIS_1.0/app/controllers/public_controller.php 
File: /Users/jacob/web_development/NFIS_1.0/libs/router.php 
Line: 120 
*
[2014-01-20T18:55:00+01:00]
Error message: Controller public wasn't found in /Users/jacob/web_development/NFIS_1.0/app/controllers/public_controller.php 
File: /Users/jacob/web_development/NFIS_1.0/libs/router.php 
Line: 120 
*
[2014-01-20T18:55:05+01:00]
Error message: Controller public wasn't found in /Users/jacob/web_development/NFIS_1.0/app/controllers/public_controller.php 
File: /Users/jacob/web_development/NFIS_1.0/libs/router.php 
Line: 120 
*
[2014-01-20T19:30:46+01:00]
Error message: Controller public wasn't found in /Users/jacob/web_development/NFIS_1.0/app/controllers/public_controller.php 
File: /Users/jacob/web_development/NFIS_1.0/libs/router.php 
Line: 120 
*
[2014-01-20T19:32:41+01:00]
Error message: We're sorry, but an internal database error has occurred. Our system administrators have been notified and we kindly request that you try again in a little while.  Thank you for your patience. (You have an error in your SQL syntax; check the manual that corresponds to your MySQL server version for the right syntax to use near 'FROM page
            LEFT JOIN section ON `page`.`id_section` = `section`.`sect' at line 8) 
 SQL query  
File: /Users/jacob/web_development/NFIS_1.0/libs/query_handler.php 
Line: 46 
*
[2014-01-20T19:32:41+01:00]
Error message: Undefined variable: vars 
File: /Users/jacob/web_development/NFIS_1.0/app/views/group/add.html.php 
Line: 2 
*
[2014-01-20T19:32:41+01:00]
Error message: Controller public wasn't found in /Users/jacob/web_development/NFIS_1.0/app/controllers/public_controller.php 
File: /Users/jacob/web_development/NFIS_1.0/libs/router.php 
Line: 120 
*
[2014-01-20T19:34:20+01:00]
Error message: Trying to get property of non-object 
File: /Users/jacob/web_development/NFIS_1.0/app/models/page.php 
Line: 84 
*
[2014-01-20T19:34:20+01:00]
Error message: Controller public wasn't found in /Users/jacob/web_development/NFIS_1.0/app/controllers/public_controller.php 
File: /Users/jacob/web_development/NFIS_1.0/libs/router.php 
Line: 120 
*
[2014-01-20T19:42:32+01:00]
Error message: Controller public wasn't found in /Users/jacob/web_development/NFIS_1.0/app/controllers/public_controller.php 
File: /Users/jacob/web_development/NFIS_1.0/libs/router.php 
Line: 120 
*
[2014-01-20T19:44:43+01:00]
Error message: Controller public wasn't found in /Users/jacob/web_development/NFIS_1.0/app/controllers/public_controller.php 
File: /Users/jacob/web_development/NFIS_1.0/libs/router.php 
Line: 120 
*
[2014-01-20T19:44:53+01:00]
Error message: Controller public wasn't found in /Users/jacob/web_development/NFIS_1.0/app/controllers/public_controller.php 
File: /Users/jacob/web_development/NFIS_1.0/libs/router.php 
Line: 120 
*
[2014-01-20T23:02:47+00:00]
Error message: mysqli::mysqli(): (28000/1045): Access denied for user 'root'@'localhost' (using password: YES) 
File: /home/wizard/web_development/NFIS_1.0/libs/dbmanager.php 
Line: 39 
*
[2014-01-20T23:02:48+00:00]
Error message: Controller public wasn't found in /home/wizard/web_development/NFIS_1.0/app/controllers/public_controller.php 
File: /home/wizard/web_development/NFIS_1.0/libs/router.php 
Line: 120 
*
[2014-01-20T23:02:48+00:00]
Error message: Controller favicon.ico wasn't found in /home/wizard/web_development/NFIS_1.0/app/controllers/favicon.ico_controller.php 
File: /home/wizard/web_development/NFIS_1.0/libs/router.php 
Line: 120 
*
[2014-01-20T23:04:31+00:00]
Error message: Controller public wasn't found in /home/wizard/web_development/NFIS_1.0/app/controllers/public_controller.php 
File: /home/wizard/web_development/NFIS_1.0/libs/router.php 
Line: 120 
*
[2014-01-20T23:04:31+00:00]
Error message: Controller favicon.ico wasn't found in /home/wizard/web_development/NFIS_1.0/app/controllers/favicon.ico_controller.php 
File: /home/wizard/web_development/NFIS_1.0/libs/router.php 
Line: 120 
*
[2014-01-20T23:06:09+00:00]
Error message: Controller public wasn't found in /home/wizard/web_development/NFIS_1.0/app/controllers/public_controller.php 
File: /home/wizard/web_development/NFIS_1.0/libs/router.php 
Line: 120 
*
[2014-01-20T23:06:09+00:00]
Error message: Controller favicon.ico wasn't found in /home/wizard/web_development/NFIS_1.0/app/controllers/favicon.ico_controller.php 
File: /home/wizard/web_development/NFIS_1.0/libs/router.php 
Line: 120 
*
[2014-01-20T23:07:33+00:00]
Error message: Undefined variable: vars 
File: /home/wizard/web_development/NFIS_1.0/app/views/group/edit.html.php 
Line: 2 
*
[2014-01-20T23:07:33+00:00]
Error message: Controller public wasn't found in /home/wizard/web_development/NFIS_1.0/app/controllers/public_controller.php 
File: /home/wizard/web_development/NFIS_1.0/libs/router.php 
Line: 120 
*
[2014-01-20T23:07:33+00:00]
Error message: Controller favicon.ico wasn't found in /home/wizard/web_development/NFIS_1.0/app/controllers/favicon.ico_controller.php 
File: /home/wizard/web_development/NFIS_1.0/libs/router.php 
Line: 120 
*
[2014-01-20T23:08:11+00:00]
Error message: Undefined variable: sitemap 
File: /home/wizard/web_development/NFIS_1.0/app/forms/group/group.php 
Line: 41 
*
[2014-01-20T23:08:12+00:00]
Error message: Controller public wasn't found in /home/wizard/web_development/NFIS_1.0/app/controllers/public_controller.php 
File: /home/wizard/web_development/NFIS_1.0/libs/router.php 
Line: 120 
*
[2014-01-20T23:08:12+00:00]
Error message: Controller favicon.ico wasn't found in /home/wizard/web_development/NFIS_1.0/app/controllers/favicon.ico_controller.php 
File: /home/wizard/web_development/NFIS_1.0/libs/router.php 
Line: 120 
*
[2014-01-20T23:11:02+00:00]
Error message: Controller public wasn't found in /home/wizard/web_development/NFIS_1.0/app/controllers/public_controller.php 
File: /home/wizard/web_development/NFIS_1.0/libs/router.php 
Line: 120 
*
[2014-01-20T23:11:02+00:00]
Error message: Controller favicon.ico wasn't found in /home/wizard/web_development/NFIS_1.0/app/controllers/favicon.ico_controller.php 
File: /home/wizard/web_development/NFIS_1.0/libs/router.php 
Line: 120 
*
